  Game.cpp
C:\Users\gameuser\Desktop\Games Ai\Lab1\SFML 3 Template1\Npc.h(33,45): warning C4100: 'deltaTime': unreferenced parameter
  (compiling source file 'Game.cpp')
  
C:\Users\gameuser\Desktop\Games Ai\Lab1\SFML 3 Template1\Npc.h(33,25): warning C4100: 'direction': unreferenced parameter
  (compiling source file 'Game.cpp')
  
C:\Users\gameuser\Desktop\Games Ai\Lab1\SFML 3 Template1\Game.cpp(115,28): warning C4100: 't_deltaTime': unreferenced parameter
  Npc.cpp
C:\SFML-3.0.0\include\SFML\System\Exception.hpp(41,47): warning C4275: non dll-interface class 'std::runtime_error' used as base for dll-interface class 'sf::Exception'
  (compiling source file 'Npc.cpp')
      C:\Program Files\Microsoft Visual Studio\2022\Community\VC\Tools\MSVC\14.44.35207\include\stdexcept(100,30):
      see declaration of 'std::runtime_error'
      C:\SFML-3.0.0\include\SFML\System\Exception.hpp(41,23):
      see declaration of 'sf::Exception'
  
C:\Users\gameuser\Desktop\Games Ai\Lab1\SFML 3 Template1\Npc.h(33,45): warning C4100: 'deltaTime': unreferenced parameter
  (compiling source file 'Npc.cpp')
  
C:\Users\gameuser\Desktop\Games Ai\Lab1\SFML 3 Template1\Npc.h(33,25): warning C4100: 'direction': unreferenced parameter
  (compiling source file 'Npc.cpp')
  
  main.cpp
C:\Users\gameuser\Desktop\Games Ai\Lab1\SFML 3 Template1\Npc.h(33,45): warning C4100: 'deltaTime': unreferenced parameter
  (compiling source file 'main.cpp')
  
C:\Users\gameuser\Desktop\Games Ai\Lab1\SFML 3 Template1\Npc.h(33,25): warning C4100: 'direction': unreferenced parameter
  (compiling source file 'main.cpp')
  
  Generating Code...
  SFML 3 Template1.vcxproj -> C:\Users\gameuser\Desktop\Games Ai\Lab1\SFML 3 Template1\Debug\SFML 3 Template1.exe
